FreeMarker template error:
The following has evaluated to null or missing:
==> pagination  [in template "resources/db/mysql/mapper/${className}Mapper.xml" at line 179, column 17]

----
Tip: If the failing expression is known to be legally refer to something that's null or missing, either specify a default value like myOptionalVar!myDefault, or use <#if myOptionalVar??>when-present<#else>when-missing</#if>. (These only cover the last step of the expression; to cover the whole expression, use parenthesis: (myOptionalVar.foo)!myDefault, (myOptionalVar.foo)??
----

----
FTL stack trace ("~" means nesting-related):
	- Failed at: #{pagination.startRow}  [in template "resources/db/mysql/mapper/${className}Mapper.xml" at line 179, column 15]
----

Java stack trace (for programmers):
----
freemarker.core.InvalidReferenceException: [... Exception message was already printed; see it above ...]
	at freemarker.core.InvalidReferenceException.getInstance(InvalidReferenceException.java:116)
	at freemarker.core.UnexpectedTypeException.newDesciptionBuilder(UnexpectedTypeException.java:60)
	at freemarker.core.UnexpectedTypeException.<init>(UnexpectedTypeException.java:40)
	at freemarker.core.NonHashException.<init>(NonHashException.java:46)
	at freemarker.core.Dot._eval(Dot.java:45)
	at freemarker.core.Expression.eval(Expression.java:78)
	at freemarker.core.Expression.evalToNumber(Expression.java:97)
	at freemarker.core.NumericalOutput.accept(NumericalOutput.java:55)
	at freemarker.core.Environment.visit(Environment.java:312)
	at freemarker.core.MixedContent.accept(MixedContent.java:62)
	at freemarker.core.Environment.visit(Environment.java:312)
	at freemarker.core.Environment.process(Environment.java:290)
	at freemarker.template.Template.process(Template.java:312)
	at cn.org.rapid_framework.generator.Generator$TemplateProcessor.processTemplateForGeneratorControl(Generator.java:435)
	at cn.org.rapid_framework.generator.Generator$TemplateProcessor.executeDelete(Generator.java:414)
	at cn.org.rapid_framework.generator.Generator$TemplateProcessor.access$100(Generator.java:352)
	at cn.org.rapid_framework.generator.Generator.scanTemplatesAndProcess(Generator.java:328)
	at cn.org.rapid_framework.generator.Generator.processTemplateRootDirs(Generator.java:221)
	at cn.org.rapid_framework.generator.Generator.deleteBy(Generator.java:197)
	at cn.org.rapid_framework.generator.GeneratorFacade$ProcessUtils.processByTable(GeneratorFacade.java:315)
	at cn.org.rapid_framework.generator.GeneratorFacade$ProcessUtils.processByTable(GeneratorFacade.java:275)
	at cn.org.rapid_framework.generator.GeneratorFacade.generateByTable(GeneratorFacade.java:136)
	at RapidTest.testGenerator(RapidTest.java:69)
	at sun.reflect.NativeMethodAccessorImpl.invoke0(Native Method)
	at sun.reflect.NativeMethodAccessorImpl.invoke(NativeMethodAccessorImpl.java:62)
	at sun.reflect.DelegatingMethodAccessorImpl.invoke(DelegatingMethodAccessorImpl.java:43)
	at java.lang.reflect.Method.invoke(Method.java:498)
	at org.junit.runners.model.FrameworkMethod$1.runReflectiveCall(FrameworkMethod.java:45)
	at org.junit.internal.runners.model.ReflectiveCallable.run(ReflectiveCallable.java:15)
	at org.junit.runners.model.FrameworkMethod.invokeExplosively(FrameworkMethod.java:42)
	at org.junit.internal.runners.statements.InvokeMethod.evaluate(InvokeMethod.java:20)
	at org.junit.runners.ParentRunner.runLeaf(ParentRunner.java:263)
	at org.junit.runners.BlockJUnit4ClassRunner.runChild(BlockJUnit4ClassRunner.java:68)
	at org.junit.runners.BlockJUnit4ClassRunner.runChild(BlockJUnit4ClassRunner.java:47)
	at org.junit.runners.ParentRunner$3.run(ParentRunner.java:231)
	at org.junit.runners.ParentRunner$1.schedule(ParentRunner.java:60)
	at org.junit.runners.ParentRunner.runChildren(ParentRunner.java:229)
	at org.junit.runners.ParentRunner.access$000(ParentRunner.java:50)
	at org.junit.runners.ParentRunner$2.evaluate(ParentRunner.java:222)
	at org.junit.runners.ParentRunner.run(ParentRunner.java:300)
	at org.junit.runner.JUnitCore.run(JUnitCore.java:157)
	at com.intellij.junit4.JUnit4IdeaTestRunner.startRunnerWithArgs(JUnit4IdeaTestRunner.java:68)
	at com.intellij.rt.execution.junit.IdeaTestRunner$Repeater.startRunnerWithArgs(IdeaTestRunner.java:47)
	at com.intellij.rt.execution.junit.JUnitStarter.prepareStreamsAndStart(JUnitStarter.java:242)
	at com.intellij.rt.execution.junit.JUnitStarter.main(JUnitStarter.java:70)
